0 info it worked if it ends with ok
1 verbose cli [ 'C:\\Program Files\\nodejs\\node.exe',
1 verbose cli   'C:\\Program Files\\nodejs\\node_modules\\npm\\bin\\npm-cli.js',
1 verbose cli   'run',
1 verbose cli   'proto' ]
2 info using npm@3.10.10
3 info using node@v6.12.3
4 verbose run-script [ 'preproto', 'proto', 'postproto' ]
5 info lifecycle queue@1.0.0~preproto: queue@1.0.0
6 silly lifecycle queue@1.0.0~preproto: no script for preproto, continuing
7 info lifecycle queue@1.0.0~proto: queue@1.0.0
8 verbose lifecycle queue@1.0.0~proto: unsafe-perm in lifecycle true
9 verbose lifecycle queue@1.0.0~proto: PATH: C:\Program Files\nodejs\node_modules\npm\bin\node-gyp-bin;C:\Users\atemnik\Desktop\exonum\queue-backend\frontend\node_modules\.bin;C:\Windows\system32;C:\Windows;C:\Windows\System32\Wbem;C:\Windows\System32\WindowsPowerShell\v1.0\;C:\Windows\System32\OpenSSH\;C:\Program Files\Git\cmd;C:\Program Files\Microsoft SQL Server\110\Tools\Binn\;C:\Program Files (x86)\Windows Kits\10\Windows Performance Toolkit\;C:\Program Files\Microsoft SQL Server\130\Tools\Binn\;C:\Program Files\dotnet\;C:\Program Files\nodejs\;C:\Program Files\Microsoft SQL Server\Client SDK\ODBC\130\Tools\Binn\;C:\Program Files (x86)\Microsoft SQL Server\140\Tools\Binn\;C:\Program Files\Microsoft SQL Server\140\Tools\Binn\;C:\Program Files\Microsoft SQL Server\140\DTS\Binn\;C:\Program Files (x86)\Microsoft SQL Server\140\DTS\Binn\;C:\Program Files (x86)\Microsoft SQL Server\Client SDK\ODBC\130\Tools\Binn\;C:\Program Files (x86)\Microsoft SQL Server\140\Tools\Binn\ManagementStudio\;C:\Program Files (x86)\GitExtensions\;C:\Program Files\PuTTY\;C:\ProgramData\chocolatey\bin;C:\Users\atemnik\.cargo\bin;C:\Users\atemnik\AppData\Local\Microsoft\WindowsApps;C:\Users\atemnik\AppData\Local\Programs\Microsoft VS Code\bin;C:\Users\atemnik\AppData\Roaming\npm
10 verbose lifecycle queue@1.0.0~proto: CWD: C:\Users\atemnik\Desktop\exonum\queue-backend\frontend
11 silly lifecycle queue@1.0.0~proto: Args: [ '/d /s /c',
11 silly lifecycle   'pbjs --keep-case -t static-module ../../exonum/exonum/src/proto/schema/exonum/protocol.proto ../backend/src/proto/queue_constructor.proto -o ./proto/stubs.js' ]
12 silly lifecycle queue@1.0.0~proto: Returned: code: 1  signal: null
13 info lifecycle queue@1.0.0~proto: Failed to exec proto script
14 verbose stack Error: queue@1.0.0 proto: `pbjs --keep-case -t static-module ../../exonum/exonum/src/proto/schema/exonum/protocol.proto ../backend/src/proto/queue_constructor.proto -o ./proto/stubs.js`
14 verbose stack Exit status 1
14 verbose stack     at EventEmitter.<anonymous> (C:\Program Files\nodejs\node_modules\npm\lib\utils\lifecycle.js:255:16)
14 verbose stack     at emitTwo (events.js:106:13)
14 verbose stack     at EventEmitter.emit (events.js:191:7)
14 verbose stack     at ChildProcess.<anonymous> (C:\Program Files\nodejs\node_modules\npm\lib\utils\spawn.js:40:14)
14 verbose stack     at emitTwo (events.js:106:13)
14 verbose stack     at ChildProcess.emit (events.js:191:7)
14 verbose stack     at maybeClose (internal/child_process.js:920:16)
14 verbose stack     at Process.ChildProcess._handle.onexit (internal/child_process.js:230:5)
15 verbose pkgid queue@1.0.0
16 verbose cwd C:\Users\atemnik\Desktop\exonum\queue-backend\frontend
17 error Windows_NT 10.0.17763
18 error argv "C:\\Program Files\\nodejs\\node.exe" "C:\\Program Files\\nodejs\\node_modules\\npm\\bin\\npm-cli.js" "run" "proto"
19 error node v6.12.3
20 error npm  v3.10.10
21 error code ELIFECYCLE
22 error queue@1.0.0 proto: `pbjs --keep-case -t static-module ../../exonum/exonum/src/proto/schema/exonum/protocol.proto ../backend/src/proto/queue_constructor.proto -o ./proto/stubs.js`
22 error Exit status 1
23 error Failed at the queue@1.0.0 proto script 'pbjs --keep-case -t static-module ../../exonum/exonum/src/proto/schema/exonum/protocol.proto ../backend/src/proto/queue_constructor.proto -o ./proto/stubs.js'.
23 error Make sure you have the latest version of node.js and npm installed.
23 error If you do, this is most likely a problem with the queue package,
23 error not with npm itself.
23 error Tell the author that this fails on your system:
23 error     pbjs --keep-case -t static-module ../../exonum/exonum/src/proto/schema/exonum/protocol.proto ../backend/src/proto/queue_constructor.proto -o ./proto/stubs.js
23 error You can get information on how to open an issue for this project with:
23 error     npm bugs queue
23 error Or if that isn't available, you can get their info via:
23 error     npm owner ls queue
23 error There is likely additional logging output above.
24 verbose exit [ 1, true ]
